  Main.cpp
D:\Documents\GitHub\KhuGleExercises\06. KhuGle(Image Processing)\KhuGle\Main.cpp(256,12): warning C4244: 'initializing': conversion from '__int64' to 'int', possible loss of data
D:\Documents\GitHub\KhuGleExercises\06. KhuGle(Image Processing)\KhuGle\Main.cpp(264,16): warning C4244: 'initializing': conversion from '__int64' to 'int', possible loss of data
D:\Documents\GitHub\KhuGleExercises\06. KhuGle(Image Processing)\KhuGle\Main.cpp(283,72): warning C4244: '+=': conversion from 'float' to 'int', possible loss of data
D:\Documents\GitHub\KhuGleExercises\06. KhuGle(Image Processing)\KhuGle\Main.cpp(286,63): warning C4244: '+=': conversion from 'float' to 'int', possible loss of data
D:\Documents\GitHub\KhuGleExercises\06. KhuGle(Image Processing)\KhuGle\Main.cpp(307,12): warning C4244: 'initializing': conversion from '__int64' to 'int', possible loss of data
D:\Documents\GitHub\KhuGleExercises\06. KhuGle(Image Processing)\KhuGle\Main.cpp(315,16): warning C4244: 'initializing': conversion from '__int64' to 'int', possible loss of data
D:\Documents\GitHub\KhuGleExercises\06. KhuGle(Image Processing)\KhuGle\Main.cpp(333,75): warning C4244: '+=': conversion from 'float' to 'int', possible loss of data
D:\Documents\GitHub\KhuGleExercises\06. KhuGle(Image Processing)\KhuGle\Main.cpp(336,66): warning C4244: '+=': conversion from 'float' to 'int', possible loss of data
D:\Documents\GitHub\KhuGleExercises\06. KhuGle(Image Processing)\KhuGle\Main.cpp(357,12): warning C4244: 'initializing': conversion from '__int64' to 'int', possible loss of data
D:\Documents\GitHub\KhuGleExercises\06. KhuGle(Image Processing)\KhuGle\Main.cpp(365,16): warning C4244: 'initializing': conversion from '__int64' to 'int', possible loss of data
D:\Documents\GitHub\KhuGleExercises\06. KhuGle(Image Processing)\KhuGle\Main.cpp(383,75): warning C4244: '+=': conversion from 'float' to 'int', possible loss of data
D:\Documents\GitHub\KhuGleExercises\06. KhuGle(Image Processing)\KhuGle\Main.cpp(386,66): warning C4244: '+=': conversion from 'float' to 'int', possible loss of data
D:\Documents\GitHub\KhuGleExercises\06. KhuGle(Image Processing)\KhuGle\Main.cpp(419,55): warning C4244: '=': conversion from 'const _Ty' to 'unsigned char', possible loss of data
          with
          [
              _Ty=double
          ]
D:\Documents\GitHub\KhuGleExercises\06. KhuGle(Image Processing)\KhuGle\Main.cpp(420,57): warning C4244: '=': conversion from 'const _Ty' to 'unsigned char', possible loss of data
          with
          [
              _Ty=double
          ]
D:\Documents\GitHub\KhuGleExercises\06. KhuGle(Image Processing)\KhuGle\Main.cpp(421,56): warning C4244: '=': conversion from 'const _Ty' to 'unsigned char', possible loss of data
          with
          [
              _Ty=double
          ]
D:\Documents\GitHub\KhuGleExercises\06. KhuGle(Image Processing)\KhuGle\Main.cpp(390,16): warning C4101: 'MaxCb': unreferenced local variable
D:\Documents\GitHub\KhuGleExercises\06. KhuGle(Image Processing)\KhuGle\Main.cpp(390,36): warning C4101: 'MinCb': unreferenced local variable
D:\Documents\GitHub\KhuGleExercises\06. KhuGle(Image Processing)\KhuGle\Main.cpp(390,43): warning C4101: 'MinCr': unreferenced local variable
D:\Documents\GitHub\KhuGleExercises\06. KhuGle(Image Processing)\KhuGle\Main.cpp(390,10): warning C4101: 'MaxY': unreferenced local variable
D:\Documents\GitHub\KhuGleExercises\06. KhuGle(Image Processing)\KhuGle\Main.cpp(390,23): warning C4101: 'MaxCr': unreferenced local variable
D:\Documents\GitHub\KhuGleExercises\06. KhuGle(Image Processing)\KhuGle\Main.cpp(390,30): warning C4101: 'MinY': unreferenced local variable
D:\Documents\GitHub\KhuGleExercises\06. KhuGle(Image Processing)\KhuGle\Main.cpp(688,28): warning C4267: 'initializing': conversion from 'size_t' to 'int', possible loss of data
  KhuGle.vcxproj -> D:\Documents\GitHub\KhuGleExercises\06. KhuGle(Image Processing)\Run\KhuGle64D.exe
